<?xml version="1.0" encoding="UTF-8"?>
<testng-results ignored="0" total="2" passed="2" failed="0" skipped="0">
  <reporter-output>
  </reporter-output>
  <suite started-at="2024-05-07T10:18:51 IST" name="CucumberOptions.TestNGTestRunner" finished-at="2024-05-07T10:19:26 IST" duration-ms="35136">
    <groups>
      <group name="cucumber">
        <method signature="AbstractTestNGCucumberTests.runScenario(io.cucumber.testng.PickleWrapper,io.cucumber.testng.FeatureWrapper)[pri:0, instance:CucumberOptions.TestNGTestRunner@2118cddf]" name="runScenario" class="io.cucumber.testng.AbstractTestNGCucumberTests"/>
      </group> <!-- cucumber -->
    </groups>
    <test started-at="2024-05-07T10:18:51 IST" name="Command line test" finished-at="2024-05-07T10:19:26 IST" duration-ms="35136">
      <class name="CucumberOptions.TestNGTestRunner">
        <test-method is-config="true" signature="setUpClass(org.testng.ITestContext)[pri:0, instance:CucumberOptions.TestNGTestRunner@2118cddf]" started-at="2024-05-07T10:18:51 IST" name="setUpClass" finished-at="2024-05-07T10:18:51 IST" duration-ms="474" status="PASS">
          <params>
            <param index="0">
              <value>
                <![CDATA[org.testng.TestRunner@76b47204]]>
              </value>
            </param>
          </params>
          <reporter-output>
          </reporter-output>
        </test-method> <!-- setUpClass -->
        <test-method signature="runScenario(io.cucumber.testng.PickleWrapper,io.cucumber.testng.FeatureWrapper)[pri:0, instance:CucumberOptions.TestNGTestRunner@2118cddf]" started-at="2024-05-07T10:18:51 IST" name="runScenario" description="Runs Cucumber Scenarios" data-provider="scenarios" finished-at="2024-05-07T10:19:11 IST" duration-ms="19043" status="PASS">
          <params>
            <param index="0">
              <value>
                <![CDATA["Manage Service Request page Test"]]>
              </value>
            </param>
            <param index="1">
              <value>
                <![CDATA["Test Backgroud Feature"]]>
              </value>
            </param>
          </params>
          <reporter-output>
          </reporter-output>
        </test-method> <!-- runScenario -->
        <test-method signature="runScenario(io.cucumber.testng.PickleWrapper,io.cucumber.testng.FeatureWrapper)[pri:0, instance:CucumberOptions.TestNGTestRunner@2118cddf]" started-at="2024-05-07T10:19:11 IST" name="runScenario" description="Runs Cucumber Scenarios" data-provider="scenarios" finished-at="2024-05-07T10:19:25 IST" duration-ms="14835" status="PASS">
          <params>
            <param index="0">
              <value>
                <![CDATA["BPRA Calculation page test"]]>
              </value>
            </param>
            <param index="1">
              <value>
                <![CDATA["Test Backgroud Feature"]]>
              </value>
            </param>
          </params>
          <reporter-output>
          </reporter-output>
        </test-method> <!-- runScenario -->
        <test-method is-config="true" signature="tearDownClass()[pri:0, instance:CucumberOptions.TestNGTestRunner@2118cddf]" started-at="2024-05-07T10:19:25 IST" name="tearDownClass" finished-at="2024-05-07T10:19:26 IST" duration-ms="746" status="PASS">
          <reporter-output>
          </reporter-output>
        </test-method> <!-- tearDownClass -->
      </class> <!-- CucumberOptions.TestNGTestRunner -->
    </test> <!-- Command line test -->
  </suite> <!-- CucumberOptions.TestNGTestRunner -->
</testng-results>
