<?xml version="1.0" encoding="UTF-8"?>
<testng-results ignored="0" total="2" passed="2" failed="0" skipped="0">
  <reporter-output>
  </reporter-output>
  <suite started-at="2024-05-07T17:45:28 IST" name="Default suite" finished-at="2024-05-07T17:46:11 IST" duration-ms="43568">
    <groups>
      <group name="cucumber">
        <method signature="AbstractTestNGCucumberTests.runScenario(io.cucumber.testng.PickleWrapper,io.cucumber.testng.FeatureWrapper)[pri:0, instance:CucumberOptions.TestNGTestRunner@14028087]" name="runScenario" class="io.cucumber.testng.AbstractTestNGCucumberTests"/>
      </group> <!-- cucumber -->
    </groups>
    <test started-at="2024-05-07T17:45:28 IST" name="Default test" finished-at="2024-05-07T17:46:11 IST" duration-ms="43568">
      <class name="CucumberOptions.TestNGTestRunner">
        <test-method is-config="true" signature="setUpClass(org.testng.ITestContext)[pri:0, instance:CucumberOptions.TestNGTestRunner@14028087]" started-at="2024-05-07T17:45:28 IST" name="setUpClass" finished-at="2024-05-07T17:45:29 IST" duration-ms="885" status="PASS">
          <params>
            <param index="0">
              <value>
                <![CDATA[org.testng.TestRunner@319642db]]>
              </value>
            </param>
          </params>
          <reporter-output>
          </reporter-output>
        </test-method> <!-- setUpClass -->
        <test-method signature="runScenario(io.cucumber.testng.PickleWrapper,io.cucumber.testng.FeatureWrapper)[pri:0, instance:CucumberOptions.TestNGTestRunner@14028087]" started-at="2024-05-07T17:45:29 IST" name="runScenario" description="Runs Cucumber Scenarios" data-provider="scenarios" finished-at="2024-05-07T17:45:50 IST" duration-ms="21525" status="PASS">
          <params>
            <param index="0">
              <value>
                <![CDATA["Manage Service Request page Test"]]>
              </value>
            </param>
            <param index="1">
              <value>
                <![CDATA["Test Backgroud Feature"]]>
              </value>
            </param>
          </params>
          <reporter-output>
          </reporter-output>
        </test-method> <!-- runScenario -->
        <test-method signature="runScenario(io.cucumber.testng.PickleWrapper,io.cucumber.testng.FeatureWrapper)[pri:0, instance:CucumberOptions.TestNGTestRunner@14028087]" started-at="2024-05-07T17:45:50 IST" name="runScenario" description="Runs Cucumber Scenarios" data-provider="scenarios" finished-at="2024-05-07T17:46:11 IST" duration-ms="20295" status="PASS">
          <params>
            <param index="0">
              <value>
                <![CDATA["BPRA Calculation page test"]]>
              </value>
            </param>
            <param index="1">
              <value>
                <![CDATA["Test Backgroud Feature"]]>
              </value>
            </param>
          </params>
          <reporter-output>
          </reporter-output>
        </test-method> <!-- runScenario -->
        <test-method is-config="true" signature="tearDownClass()[pri:0, instance:CucumberOptions.TestNGTestRunner@14028087]" started-at="2024-05-07T17:46:11 IST" name="tearDownClass" finished-at="2024-05-07T17:46:11 IST" duration-ms="810" status="PASS">
          <reporter-output>
          </reporter-output>
        </test-method> <!-- tearDownClass -->
      </class> <!-- CucumberOptions.TestNGTestRunner -->
    </test> <!-- Default test -->
  </suite> <!-- Default suite -->
</testng-results>
